FATAL:   While checking container encryption: could not open image /home/imagen-hhailu/IMAGEN_Backend/examples/yolov5.sif: failed to retrieve path for /home/imagen-hhailu/IMAGEN_Backend/examples/yolov5.sif: lstat /home/imagen-hhailu/IMAGEN_Backend/examples/yolov5.sif: no such file or directory
INFO:    Using cached image
python: can't open file '/home/imagen-hhailu/IMAGEN_Backend/examples/data_transfer.py': [Errno 2] No such file or directory
Command exited with non-zero status 2
	Command being timed: "./yolov5/yolov5.sh  640 6 128"
	User time (seconds): 0.36
	System time (seconds): 0.38
	Percent of CPU this job got: 3%
	Elapsed (wall clock) time (h:mm:ss or m:ss): 0:19.09
	Average shared text size (kbytes): 0
	Average unshared data size (kbytes): 0
	Average stack size (kbytes): 0
	Average total size (kbytes): 0
	Maximum resident set size (kbytes): 49460
	Average resident set size (kbytes): 0
	Major (requiring I/O) page faults: 98
	Minor (reclaiming a frame) page faults: 14450
	Voluntary context switches: 29427
	Involuntary context switches: 50
	Swaps: 0
	File system inputs: 46576
	File system outputs: 24
	Socket messages sent: 0
	Socket messages received: 0
	Signals delivered: 0
	Page size (bytes): 4096
	Exit status: 2
